1568217890038	mozrunner::runner	INFO	Running command: "/Applications/Firefox.app/Contents/MacOS/firefox-bin" "-marionette" "-foreground" "-no-remote" "-profile" "/var/folders/hm/3bl2tnvn0nn7pspt7n8j7cy80000gn/T/rust_mozprofile.Lk4hpf84pPHN"
1568217890381	addons.webextension.screenshots@mozilla.org	WARN	Loading extension 'screenshots@mozilla.org': Reading manifest: Invalid extension permission: mozillaAddons
1568217890381	addons.webextension.screenshots@mozilla.org	WARN	Loading extension 'screenshots@mozilla.org': Reading manifest: Invalid extension permission: telemetry
1568217890381	addons.webextension.screenshots@mozilla.org	WARN	Loading extension 'screenshots@mozilla.org': Reading manifest: Invalid extension permission: resource://pdf.js/
1568217890381	addons.webextension.screenshots@mozilla.org	WARN	Loading extension 'screenshots@mozilla.org': Reading manifest: Invalid extension permission: about:reader*
1568217891653	Marionette	INFO	Listening on port 58731
1568217891675	Marionette	WARN	TLS certificate errors will be ignored for this session
JavaScript warning: https://www.fantasycruncher.com/js/jquery.handsontable.full.js, line 6209: unreachable code after return statement
JavaScript warning: https://www.fantasycruncher.com/js/jquery.handsontable.full.js, line 6209: unreachable code after return statement
1568218067470	Marionette	INFO	Stopped listening on port 58731
1568218079277	mozrunner::runner	INFO	Running command: "/Applications/Firefox.app/Contents/MacOS/firefox-bin" "-marionette" "-foreground" "-no-remote" "-profile" "/var/folders/hm/3bl2tnvn0nn7pspt7n8j7cy80000gn/T/rust_mozprofile.yZv7KgZrIAEl"
1568218079613	addons.webextension.screenshots@mozilla.org	WARN	Loading extension 'screenshots@mozilla.org': Reading manifest: Invalid extension permission: mozillaAddons
1568218079613	addons.webextension.screenshots@mozilla.org	WARN	Loading extension 'screenshots@mozilla.org': Reading manifest: Invalid extension permission: telemetry
1568218079613	addons.webextension.screenshots@mozilla.org	WARN	Loading extension 'screenshots@mozilla.org': Reading manifest: Invalid extension permission: resource://pdf.js/
1568218079613	addons.webextension.screenshots@mozilla.org	WARN	Loading extension 'screenshots@mozilla.org': Reading manifest: Invalid extension permission: about:reader*
1568218080951	Marionette	INFO	Listening on port 58905
1568218081025	Marionette	WARN	TLS certificate errors will be ignored for this session
JavaScript warning: https://www.fantasycruncher.com/js/jquery.handsontable.full.js, line 6209: unreachable code after return statement
JavaScript warning: https://www.fantasycruncher.com/js/jquery.handsontable.full.js, line 6209: unreachable code after return statement
1568218109105	Marionette	INFO	Stopped listening on port 58905
1568218111395	mozrunner::runner	INFO	Running command: "/Applications/Firefox.app/Contents/MacOS/firefox-bin" "-marionette" "-foreground" "-no-remote" "-profile" "/var/folders/hm/3bl2tnvn0nn7pspt7n8j7cy80000gn/T/rust_mozprofile.DXL04U45PQ3H"
1568218111734	addons.webextension.screenshots@mozilla.org	WARN	Loading extension 'screenshots@mozilla.org': Reading manifest: Invalid extension permission: mozillaAddons
1568218111734	addons.webextension.screenshots@mozilla.org	WARN	Loading extension 'screenshots@mozilla.org': Reading manifest: Invalid extension permission: telemetry
1568218111734	addons.webextension.screenshots@mozilla.org	WARN	Loading extension 'screenshots@mozilla.org': Reading manifest: Invalid extension permission: resource://pdf.js/
1568218111734	addons.webextension.screenshots@mozilla.org	WARN	Loading extension 'screenshots@mozilla.org': Reading manifest: Invalid extension permission: about:reader*
1568218113070	Marionette	INFO	Listening on port 59013
1568218113135	Marionette	WARN	TLS certificate errors will be ignored for this session
JavaScript warning: https://www.fantasycruncher.com/js/jquery.handsontable.full.js, line 6209: unreachable code after return statement
JavaScript warning: https://www.fantasycruncher.com/js/jquery.handsontable.full.js, line 6209: unreachable code after return statement
JavaScript warning: https://www.fantasycruncher.com/js/jquery.handsontable.full.js, line 6209: unreachable code after return statement
JavaScript warning: https://www.fantasycruncher.com/js/jquery.handsontable.full.js, line 6209: unreachable code after return statement
[GFX1-]: Receive IPC close with reason=AbnormalShutdown
[Child 12012, Chrome_ChildThread] WARNING: pipe error: Broken pipe: file /builds/worker/workspace/build/src/ipc/chromium/src/chrome/common/ipc_channel_posix.cc, line 728
Exiting due to channel error.
[GFX1-]: Receive IPC close with reason=AbnormalShutdown
Exiting due to channel error.
Exiting due to channel error.
